#
# There is insufficient memory for the Java Runtime Environment to continue.
# Native memory allocation (malloc) failed to allocate 524304 bytes for Chunk::new
# Possible reasons:
#   The system is out of physical RAM or swap space
#   The process is running with CompressedOops enabled, and the Java Heap may be blocking the growth of the native heap
# Possible solutions:
#   Reduce memory load on the system
#   Increase physical memory or swap space
#   Check if swap backing store is full
#   Decrease Java heap size (-Xmx/-Xms)
#   Decrease number of Java threads
#   Decrease Java thread stack sizes (-Xss)
#   Set larger code cache with -XX:ReservedCodeCacheSize=
#   JVM is running with Unscaled Compressed Oops mode in which the Java heap is
#     placed in the first 4GB address space. The Java Heap base address is the
#     maximum limit for the native heap growth. Please use -XX:HeapBaseMinAddress
#     to set the Java Heap base and to place the Java Heap above 4GB virtual address.
# This output file may be truncated or incomplete.
#
#  Out of Memory Error (allocation.cpp:389), pid=8556, tid=0x00000000000014b8
#
# JRE version: OpenJDK Runtime Environment (8.0_242-b01) (build 1.8.0_242-release-1644-b01)
# Java VM: OpenJDK 64-Bit Server VM (25.242-b01 mixed mode windows-amd64 compressed oops)
# Failed to write core dump. Minidumps are not enabled by default on client versions of Windows
#

---------------  T H R E A D  ---------------

Current thread (0x00000000179a3000):  JavaThread "C2 CompilerThread1" daemon [_thread_in_native, id=5304, stack(0x00000000190f0000,0x00000000191f0000)]

Stack: [0x00000000190f0000,0x00000000191f0000]
[error occurred during error reporting (printing stack bounds), id 0xc0000005]

Native frames: (J=compiled Java code, j=interpreted, Vv=VM code, C=native code)


Current CompileTask:
C2: 982885 25495       4       com.android.tools.r8.ir.regalloc.a::a (3993 bytes)


---------------  P R O C E S S  ---------------

Java Threads: ( => current thread )
  0x000000001da29800 JavaThread "stdout" [_thread_in_native, id=17156, stack(0x00000000270a0000,0x00000000271a0000)]
  0x000000001da1f800 JavaThread "stderr" [_thread_in_native, id=16968, stack(0x0000000026fa0000,0x00000000270a0000)]
  0x000000001da25000 JavaThread "pool-14-thread-1" [_thread_blocked, id=16720, stack(0x0000000026ea0000,0x0000000026fa0000)]
  0x000000001da26000 JavaThread "WorkerExecutor Queue Thread 2" [_thread_blocked, id=16808, stack(0x00000000269a0000,0x0000000026aa0000)]
  0x000000001d959000 JavaThread "WorkerExecutor Queue" [_thread_blocked, id=16732, stack(0x00000000266a0000,0x00000000267a0000)]
  0x000000001d953800 JavaThread "Cache worker for execution history cache (C:\Users\seabl\Desktop\yet-libla-master\.gradle\6.1.1\executionHistory)" [_thread_blocked, id=1760, stack(0x00000000265a0000,0x00000000266a0000)]
  0x000000001d955000 JavaThread "Execution worker for ':' Thread 3" [_thread_in_Java, id=15992, stack(0x00000000263a0000,0x00000000264a0000)]
  0x000000001d958000 JavaThread "Execution worker for ':' Thread 2" [_thread_in_Java, id=16488, stack(0x00000000262a0000,0x00000000263a0000)]
  0x000000001d95a800 JavaThread "Execution worker for ':'" [_thread_in_native, id=8552, stack(0x0000000025fa0000,0x00000000260a0000)]
  0x000000001d957800 JavaThread "Cache worker for file content cache (C:\Users\seabl\Desktop\yet-libla-master\.gradle\6.1.1\fileContent)" [_thread_blocked, id=16792, stack(0x0000000025ca0000,0x0000000025da0000)]
  0x000000001d956800 JavaThread "Cache worker for Build Output Cleanup Cache (C:\Users\seabl\Desktop\yet-libla-master\.gradle\buildOutputCleanup)" [_thread_blocked, id=16804, stack(0x0000000024370000,0x0000000024470000)]
  0x000000001d94d800 JavaThread "pool-13-thread-1" [_thread_blocked, id=16844, stack(0x0000000023eb0000,0x0000000023fb0000)]
  0x000000001d954800 JavaThread "Build operations Thread 4" [_thread_blocked, id=16292, stack(0x0000000022260000,0x0000000022360000)]
  0x000000001d94d000 JavaThread "Build operations Thread 3" [_thread_blocked, id=9968, stack(0x0000000021e60000,0x0000000021f60000)]
  0x000000001d950000 JavaThread "Build operations Thread 2" [_thread_blocked, id=6592, stack(0x0000000021960000,0x0000000021a60000)]
  0x000000001e412800 JavaThread "Build operations" [_thread_blocked, id=15684, stack(0x0000000021260000,0x0000000021360000)]
  0x000000001e411800 JavaThread "Cache worker for cache directory md-rule (C:\Users\seabl\.gradle\caches\6.1.1\md-rule)" [_thread_blocked, id=16728, stack(0x0000000021160000,0x0000000021260000)]
  0x000000001e411000 JavaThread "Cache worker for cache directory md-supplier (C:\Users\seabl\.gradle\caches\6.1.1\md-supplier)" [_thread_blocked, id=16744, stack(0x0000000021060000,0x0000000021160000)]
  0x000000001e410000 JavaThread "Cache worker for file hash cache (C:\Users\seabl\Desktop\yet-libla-master\.gradle\6.1.1\fileHashes)" [_thread_blocked, id=16740, stack(0x000000001fb30000,0x000000001fc30000)]
  0x000000001e40f800 JavaThread "Cache worker for checksums cache (C:\Users\seabl\Desktop\yet-libla-master\.gradle\checksums)" [_thread_blocked, id=16748, stack(0x000000001f130000,0x000000001f230000)]
  0x000000001e40e800 JavaThread "Thread-137" [_thread_blocked, id=14880, stack(0x000000001f030000,0x000000001f130000)]
  0x000000001e415800 JavaThread "Stdin handler" [_thread_blocked, id=16752, stack(0x000000001eb30000,0x000000001ec30000)]
  0x000000001e406800 JavaThread "Asynchronous log dispatcher for DefaultDaemonConnection: socket connection from /127.0.0.1:6418 to /127.0.0.1:6589" [_thread_blocked, id=16496, stack(0x000000001e7e0000,0x000000001e8e0000)]
  0x000000001e408000 JavaThread "Daemon worker Thread 4" [_thread_in_Java, id=16524, stack(0x000000001d210000,0x000000001d310000)]
  0x000000001e40d000 JavaThread "Cancel handler" [_thread_blocked, id=16640, stack(0x000000001cf10000,0x000000001d010000)]
  0x000000001e40c800 JavaThread "Handler for socket connection from /127.0.0.1:6418 to /127.0.0.1:6589" [_thread_in_native, id=16648, stack(0x000000001ce10000,0x000000001cf10000)]
  0x000000001e407000 JavaThread "Daemon Thread 4" [_thread_blocked, id=16644, stack(0x000000001cb10000,0x000000001cc10000)]
  0x000000001e409800 JavaThread "RMI TCP Connection(idle)" daemon [_thread_blocked, id=16848, stack(0x000000001ca10000,0x000000001cb10000)]
  0x000000001e414800 JavaThread "Cache worker for Java compile cache (C:\Users\seabl\.gradle\caches\6.1.1\javaCompile)" [_thread_blocked, id=13896, stack(0x00000000275e0000,0x00000000276e0000)]
  0x000000001e414000 JavaThread "RMI Reaper" [_thread_blocked, id=1680, stack(0x00000000278e0000,0x00000000279e0000)]
  0x000000001e413000 JavaThread "RMI TCP Accept-0" daemon [_thread_in_native, id=13020, stack(0x00000000277e0000,0x00000000278e0000)]
  0x000000001e40b800 JavaThread "GC Daemon" daemon [_thread_blocked, id=16056, stack(0x00000000276e0000,0x00000000277e0000)]
  0x000000001e40b000 JavaThread "RMI Scheduler(0)" daemon [_thread_blocked, id=5316, stack(0x0000000022160000,0x0000000022260000)]
  0x000000001da22000 JavaThread "Cache worker for file content cache (C:\Users\seabl\.gradle\caches\6.1.1\fileContent)" [_thread_blocked, id=14592, stack(0x0000000022760000,0x0000000022860000)]
  0x000000001da23800 JavaThread "Memory manager" [_thread_blocked, id=7736, stack(0x0000000024070000,0x0000000024170000)]
  0x0000000019c7d000 JavaThread "Cache worker for execution history cache (C:\Users\seabl\.gradle\caches\6.1.1\executionHistory)" [_thread_blocked, id=9156, stack(0x000000001f230000,0x000000001f330000)]
  0x0000000019c7a800 JavaThread "Cache worker for file hash cache (C:\Users\seabl\.gradle\caches\6.1.1\fileHashes)" [_thread_blocked, id=8176, stack(0x000000001d710000,0x000000001d810000)]
  0x0000000019c7e800 JavaThread "File lock request listener" [_thread_in_native, id=15512, stack(0x000000001d610000,0x000000001d710000)]
  0x0000000019697000 JavaThread "Cache worker for journal cache (C:\Users\seabl\.gradle\caches\journal-1)" [_thread_blocked, id=6236, stack(0x000000001d510000,0x000000001d610000)]
  0x00000000193c6000 JavaThread "Daemon periodic checks" [_thread_blocked, id=15368, stack(0x000000001c910000,0x000000001ca10000)]
  0x0000000019932000 JavaThread "Incoming local TCP Connector on port 6418" [_thread_in_native, id=6560, stack(0x000000001c6d0000,0x000000001c7d0000)]
  0x000000001b0be000 JavaThread "Daemon health stats" [_thread_blocked, id=16212, stack(0x000000001c090000,0x000000001c190000)]
  0x0000000019320800 JavaThread "Service Thread" daemon [_thread_blocked, id=15908, stack(0x00000000196f0000,0x00000000197f0000)]
  0x00000000179a7000 JavaThread "C1 CompilerThread2" daemon [_thread_blocked, id=15700, stack(0x00000000191f0000,0x00000000192f0000)]
=>0x00000000179a3000 JavaThread "C2 CompilerThread1" daemon [_thread_in_native, id=5304, stack(0x00000000190f0000,0x00000000191f0000)]
  0x0000000017994000 JavaThread "C2 CompilerThread0" daemon [_thread_in_native, id=15736, stack(0x0000000018ff0000,0x00000000190f0000)]
  0x0000000017993000 JavaThread "Attach Listener" daemon [_thread_blocked, id=16188, stack(0x0000000018ef0000,0x0000000018ff0000)]
  0x0000000017991800 JavaThread "Signal Dispatcher" daemon [_thread_blocked, id=11192, stack(0x0000000018df0000,0x0000000018ef0000)]
  0x0000000002d6c800 JavaThread "Finalizer" daemon [_thread_blocked, id=7452, stack(0x0000000018bf0000,0x0000000018cf0000)]
  0x0000000017979000 JavaThread "Reference Handler" daemon [_thread_blocked, id=5492, stack(0x0000000018af0000,0x0000000018bf0000)]
  0x0000000002c2d800 JavaThread "main" [_thread_blocked, id=1656, stack(0x0000000002b00000,0x0000000002c00000)]

Other Threads:
  0x0000000017956000 VMThread [stack: 0x00000000189f0000,0x0000000018af0000] [id=1936]
  0x00000000179ee800 WatcherThread [stack: 0x00000000197f0000,0x00000000198f0000] [id=15720]

VM state:not at safepoint (normal execution)

VM Mutex/Monitor currently owned by a thread: None

heap address: 0x0000000080000000, size: 2048 MB, Compressed Oops mode: 32-bit
Narrow klass base: 0x0000000000000000, Narrow klass shift: 3
Compressed class space size: 1073741824 Address: 0x0000000100000000

Heap:
 PSYoungGen      total 533504K, used 49161K [0x00000000d5580000, 0x00000000fe080000, 0x0000000100000000)
  eden space 456192K, 1% used [0x00000000d5580000,0x00000000d5d9db78,0x00000000f1300000)
  from space 77312K, 52% used [0x00000000f9500000,0x00000000fbce4ab0,0x00000000fe080000)
  to   space 80896K, 0% used [0x00000000f1300000,0x00000000f1300000,0x00000000f6200000)
 ParOldGen       total 325120K, used 106120K [0x0000000080000000, 0x0000000093d80000, 0x00000000d5580000)
  object space 325120K, 32% used [0x0000000080000000,0x00000000867a2388,0x0000000093d80000)
 Metaspace       used 109872K, capacity 115286K, committed 115480K, reserved 1148928K
  class space    used 14051K, capacity 15077K, committed 15152K, reserved 1048576K

Card table byte_map: [0x0000000012130000,0x0000000012540000] byte_map_base: 0x0000000011d30000

Marking Bits: (ParMarkBitMap*) 0x00000000720ef030
 Begin Bits: [0x0000000012bf0000, 0x0000000014bf0000)
 End Bits:   [0x0000000014bf0000, 0x0000000016bf0000)

Polling page: 0x0000000001320000

CodeCache: size=245760Kb used=71496Kb max_used=71496Kb free=174263Kb
 bounds [0x0000000002d70000, 0x00000000073a0000, 0x0000000011d70000]
 total_blobs=20891 nmethods=19914 adapters=889
 compilation: enabled

Compilation events (10 events):
Event: 982.324 Thread 0x00000000179a7000 25727       2       com.android.tools.r8.s.a.a.b.r0::f (40 bytes)
Event: 982.325 Thread 0x00000000179a7000 nmethod 25727 0x0000000007399b10 code [0x0000000007399c80, 0x0000000007399ee8]
Event: 982.450 Thread 0x00000000179a7000 25728       2       java.util.zip.ZipFile::<init> (7 bytes)
Event: 982.451 Thread 0x00000000179a7000 nmethod 25728 0x0000000007399fd0 code [0x000000000739a140, 0x000000000739a2c8]
Event: 982.475 Thread 0x00000000179a7000 25729       2       com.android.tools.r8.code.G0::<init> (72 bytes)
Event: 982.475 Thread 0x00000000179a7000 nmethod 25729 0x000000000739a390 code [0x000000000739a4e0, 0x000000000739a630]
Event: 982.499 Thread 0x00000000179a7000 25730       2       com.android.tools.r8.u.b.e0::b (42 bytes)
Event: 982.500 Thread 0x00000000179a7000 nmethod 25730 0x000000000739a6d0 code [0x000000000739a860, 0x000000000739aa98]
Event: 982.530 Thread 0x00000000179a7000 25731 %     3       com.android.tools.r8.s.a.a.b.B::b @ 5 (32 bytes)
Event: 982.531 Thread 0x00000000179a7000 nmethod 25731% 0x000000000739abd0 code [0x000000000739ad80, 0x000000000739b290]

GC Heap History (10 events):
Event: 467.449 GC heap before
{Heap before GC invocations=39 (full 4):
 PSYoungGen      total 476160K, used 423781K [0x00000000d5580000, 0x00000000f8500000, 0x0000000100000000)
  eden space 399872K, 100% used [0x00000000d5580000,0x00000000edc00000,0x00000000edc00000)
  from space 76288K, 31% used [0x00000000f3a80000,0x00000000f51d9718,0x00000000f8500000)
  to   space 86528K, 0% used [0x00000000edc00000,0x00000000edc00000,0x00000000f3080000)
 ParOldGen       total 280064K, used 236880K [0x0000000080000000, 0x0000000091180000, 0x00000000d5580000)
  object space 280064K, 84% used [0x0000000080000000,0x000000008e754138,0x0000000091180000)
 Metaspace       used 109166K, capacity 114460K, committed 114584K, reserved 1148928K
  class space    used 14028K, capacity 15008K, committed 15024K, reserved 1048576K
Event: 467.524 GC heap after
Heap after GC invocations=39 (full 4):
 PSYoungGen      total 486400K, used 11515K [0x00000000d5580000, 0x00000000fb880000, 0x0000000100000000)
  eden space 399872K, 0% used [0x00000000d5580000,0x00000000d5580000,0x00000000edc00000)
  from space 86528K, 13% used [0x00000000edc00000,0x00000000ee73ed18,0x00000000f3080000)
  to   space 83968K, 0% used [0x00000000f6680000,0x00000000f6680000,0x00000000fb880000)
 ParOldGen       total 280064K, used 239664K [0x0000000080000000, 0x0000000091180000, 0x00000000d5580000)
  object space 280064K, 85% used [0x0000000080000000,0x000000008ea0c310,0x0000000091180000)
 Metaspace       used 109166K, capacity 114460K, committed 114584K, reserved 1148928K
  class space    used 14028K, capacity 15008K, committed 15024K, reserved 1048576K
}
Event: 467.524 GC heap before
{Heap before GC invocations=40 (full 5):
 PSYoungGen      total 486400K, used 11515K [0x00000000d5580000, 0x00000000fb880000, 0x0000000100000000)
  eden space 399872K, 0% used [0x00000000d5580000,0x00000000d5580000,0x00000000edc00000)
  from space 86528K, 13% used [0x00000000edc00000,0x00000000ee73ed18,0x00000000f3080000)
  to   space 83968K, 0% used [0x00000000f6680000,0x00000000f6680000,0x00000000fb880000)
 ParOldGen       total 280064K, used 239664K [0x0000000080000000, 0x0000000091180000, 0x00000000d5580000)
  object space 280064K, 85% used [0x0000000080000000,0x000000008ea0c310,0x0000000091180000)
 Metaspace       used 109166K, capacity 114460K, committed 114584K, reserved 1148928K
  class space    used 14028K, capacity 15008K, committed 15024K, reserved 1048576K
Event: 468.229 GC heap after
Heap after GC invocations=40 (full 5):
 PSYoungGen      total 486400K, used 0K [0x00000000d5580000, 0x00000000fb880000, 0x0000000100000000)
  eden space 399872K, 0% used [0x00000000d5580000,0x00000000d5580000,0x00000000edc00000)
  from space 86528K, 0% used [0x00000000edc00000,0x00000000edc00000,0x00000000f3080000)
  to   space 83968K, 0% used [0x00000000f6680000,0x00000000f6680000,0x00000000fb880000)
 ParOldGen       total 325120K, used 93030K [0x0000000080000000, 0x0000000093d80000, 0x00000000d5580000)
  object space 325120K, 28% used [0x0000000080000000,0x0000000085ad9818,0x0000000093d80000)
 Metaspace       used 109086K, capacity 114248K, committed 114584K, reserved 1148928K
  class space    used 14000K, capacity 14960K, committed 15024K, reserved 1048576K
}
Event: 563.890 GC heap before
{Heap before GC invocations=41 (full 5):
 PSYoungGen      total 486400K, used 399872K [0x00000000d5580000, 0x00000000fb880000, 0x0000000100000000)
  eden space 399872K, 100% used [0x00000000d5580000,0x00000000edc00000,0x00000000edc00000)
  from space 86528K, 0% used [0x00000000edc00000,0x00000000edc00000,0x00000000f3080000)
  to   space 83968K, 0% used [0x00000000f6680000,0x00000000f6680000,0x00000000fb880000)
 ParOldGen       total 325120K, used 93030K [0x0000000080000000, 0x0000000093d80000, 0x00000000d5580000)
  object space 325120K, 28% used [0x0000000080000000,0x0000000085ad9818,0x0000000093d80000)
 Metaspace       used 109348K, capacity 114624K, committed 114840K, reserved 1148928K
  class space    used 14015K, capacity 14986K, committed 15024K, reserved 1048576K
Event: 563.966 GC heap after
Heap after GC invocations=41 (full 5):
 PSYoungGen      total 532480K, used 13008K [0x00000000d5580000, 0x00000000fb100000, 0x0000000100000000)
  eden space 456192K, 0% used [0x00000000d5580000,0x00000000d5580000,0x00000000f1300000)
  from space 76288K, 17% used [0x00000000f6680000,0x00000000f7334010,0x00000000fb100000)
  to   space 80896K, 0% used [0x00000000f1300000,0x00000000f1300000,0x00000000f6200000)
 ParOldGen       total 325120K, used 93038K [0x0000000080000000, 0x0000000093d80000, 0x00000000d5580000)
  object space 325120K, 28% used [0x0000000080000000,0x0000000085adb818,0x0000000093d80000)
 Metaspace       used 109348K, capacity 114624K, committed 114840K, reserved 1148928K
  class space    used 14015K, capacity 14986K, committed 15024K, reserved 1048576K
}
Event: 975.399 GC heap before
{Heap before GC invocations=42 (full 5):
 PSYoungGen      total 532480K, used 469200K [0x00000000d5580000, 0x00000000fb100000, 0x0000000100000000)
  eden space 456192K, 100% used [0x00000000d5580000,0x00000000f1300000,0x00000000f1300000)
  from space 76288K, 17% used [0x00000000f6680000,0x00000000f7334010,0x00000000fb100000)
  to   space 80896K, 0% used [0x00000000f1300000,0x00000000f1300000,0x00000000f6200000)
 ParOldGen       total 325120K, used 93038K [0x0000000080000000, 0x0000000093d80000, 0x00000000d5580000)
  object space 325120K, 28% used [0x0000000080000000,0x0000000085adb818,0x0000000093d80000)
 Metaspace       used 109753K, capacity 115154K, committed 115480K, reserved 1148928K
  class space    used 14045K, capacity 15069K, committed 15152K, reserved 1048576K
Event: 975.443 GC heap after
Heap after GC invocations=42 (full 5):
 PSYoungGen      total 537088K, used 16000K [0x00000000d5580000, 0x00000000fe080000, 0x0000000100000000)
  eden space 456192K, 0% used [0x00000000d5580000,0x00000000d5580000,0x00000000f1300000)
  from space 80896K, 19% used [0x00000000f1300000,0x00000000f22a0060,0x00000000f6200000)
  to   space 77312K, 0% used [0x00000000f9500000,0x00000000f9500000,0x00000000fe080000)
 ParOldGen       total 325120K, used 94676K [0x0000000080000000, 0x0000000093d80000, 0x00000000d5580000)
  object space 325120K, 29% used [0x0000000080000000,0x0000000085c75028,0x0000000093d80000)
 Metaspace       used 109753K, capacity 115154K, committed 115480K, reserved 1148928K
  class space    used 14045K, capacity 15069K, committed 15152K, reserved 1048576K
}
Event: 982.579 GC heap before
{Heap before GC invocations=43 (full 5):
 PSYoungGen      total 537088K, used 472192K [0x00000000d5580000, 0x00000000fe080000, 0x0000000100000000)
  eden space 456192K, 100% used [0x00000000d5580000,0x00000000f1300000,0x00000000f1300000)
  from space 80896K, 19% used [0x00000000f1300000,0x00000000f22a0060,0x00000000f6200000)
  to   space 77312K, 0% used [0x00000000f9500000,0x00000000f9500000,0x00000000fe080000)
 ParOldGen       total 325120K, used 94676K [0x0000000080000000, 0x0000000093d80000, 0x00000000d5580000)
  object space 325120K, 29% used [0x0000000080000000,0x0000000085c75028,0x0000000093d80000)
 Metaspace       used 109872K, capacity 115286K, committed 115480K, reserved 1148928K
  class space    used 14051K, capacity 15077K, committed 15152K, reserved 1048576K
Event: 982.750 GC heap after
Heap after GC invocations=43 (full 5):
 PSYoungGen      total 533504K, used 40850K [0x00000000d5580000, 0x00000000fe080000, 0x0000000100000000)
  eden space 456192K, 0% used [0x00000000d5580000,0x00000000d5580000,0x00000000f1300000)
  from space 77312K, 52% used [0x00000000f9500000,0x00000000fbce4ab0,0x00000000fe080000)
  to   space 80896K, 0% used [0x00000000f1300000,0x00000000f1300000,0x00000000f6200000)
 ParOldGen       total 325120K, used 106120K [0x0000000080000000, 0x0000000093d80000, 0x00000000d5580000)
  object space 325120K, 32% used [0x0000000080000000,0x00000000867a2388,0x0000000093d80000)
 Metaspace       used 109872K, capacity 115286K, committed 115480K, reserved 1148928K
  class space    used 14051K, capacity 15077K, committed 15152K, reserved 1048576K
}

Deoptimization events (10 events):
Event: 976.842 Thread 0x000000001e408000 Uncommon trap: reason=unstable_if action=reinterpret pc=0x00000000062584bc method=com.android.tools.r8.ir.analysis.type.m.a(Lcom/android/tools/r8/ir/analysis/type/l;)Lcom/android/tools/r8/ir/analysis/type/o; @ 16
Event: 976.843 Thread 0x000000001e408000 Uncommon trap: reason=unstable_if action=reinterpret pc=0x0000000003e5536c method=com.android.tools.r8.ir.analysis.type.m.a(Lcom/android/tools/r8/ir/analysis/type/l;)Lcom/android/tools/r8/ir/analysis/type/o; @ 16
Event: 976.849 Thread 0x000000001e408000 Uncommon trap: reason=unstable_if action=reinterpret pc=0x0000000005e59cc4 method=com.android.tools.r8.ir.analysis.type.m.a(Lcom/android/tools/r8/ir/analysis/type/l;)Lcom/android/tools/r8/ir/analysis/type/o; @ 16
Event: 977.308 Thread 0x000000001e408000 Uncommon trap: reason=unstable_if action=reinterpret pc=0x0000000005a09458 method=com.android.tools.r8.ir.analysis.type.m.a(Lcom/android/tools/r8/ir/analysis/type/l;)Lcom/android/tools/r8/ir/analysis/type/o; @ 16
Event: 977.309 Thread 0x000000001e408000 Uncommon trap: reason=unstable_if action=reinterpret pc=0x0000000004673958 method=com.android.tools.r8.ir.analysis.type.m.a(Lcom/android/tools/r8/ir/analysis/type/l;)Lcom/android/tools/r8/ir/analysis/type/o; @ 16
Event: 977.330 Thread 0x000000001e408000 Uncommon trap: reason=unstable_if action=reinterpret pc=0x00000000062631b8 method=com.android.tools.r8.graph.I.a(IILcom/android/tools/r8/u/b/h0;)V @ 887
Event: 978.297 Thread 0x000000001d958000 Uncommon trap: reason=class_check action=maybe_recompile pc=0x00000000038fe920 method=com.android.tools.r8.u.b.i0.f()Lcom/android/tools/r8/u/b/h0; @ 3
Event: 978.302 Thread 0x000000001d958000 Uncommon trap: reason=class_check action=maybe_recompile pc=0x00000000038fe920 method=com.android.tools.r8.u.b.i0.f()Lcom/android/tools/r8/u/b/h0; @ 3
Event: 978.306 Thread 0x000000001d958000 Uncommon trap: reason=class_check action=maybe_recompile pc=0x00000000038fe920 method=com.android.tools.r8.u.b.i0.f()Lcom/android/tools/r8/u/b/h0; @ 3
Event: 978.313 Thread 0x000000001e408000 Uncommon trap: reason=class_check action=maybe_recompile pc=0x00000000038fe920 method=com.android.tools.r8.u.b.i0.f()Lcom/android/tools/r8/u/b/h0; @ 3

Classes redefined (0 events):
No events

Internal exceptions (10 events):
Event: 978.807 Thread 0x000000001e408000 Exception <a 'sun/nio/fs/WindowsException'> (0x00000000ddf5ab68) thrown at [C:\src\AOSP-openjdk-git\hotspot\src\share\vm\prims\jni.cpp, line 710]
Event: 978.854 Thread 0x000000001d955000 Exception <a 'sun/nio/fs/WindowsException'> (0x00000000de115ac0) thrown at [C:\src\AOSP-openjdk-git\hotspot\src\share\vm\prims\jni.cpp, line 710]
Event: 979.000 Thread 0x000000001e408000 Exception <a 'sun/nio/fs/WindowsException'> (0x00000000dec04b88) thrown at [C:\src\AOSP-openjdk-git\hotspot\src\share\vm\prims\jni.cpp, line 710]
Event: 979.097 Thread 0x000000001d958000 Exception <a 'sun/nio/fs/WindowsException'> (0x00000000df2daff8) thrown at [C:\src\AOSP-openjdk-git\hotspot\src\share\vm\prims\jni.cpp, line 710]
Event: 979.948 Thread 0x000000001e408000 Exception <a 'sun/nio/fs/WindowsException'> (0x00000000e270c2e8) thrown at [C:\src\AOSP-openjdk-git\hotspot\src\share\vm\prims\jni.cpp, line 710]
Event: 980.620 Thread 0x000000001e408000 Exception <a 'sun/nio/fs/WindowsException'> (0x00000000e5381a38) thrown at [C:\src\AOSP-openjdk-git\hotspot\src\share\vm\prims\jni.cpp, line 710]
Event: 980.788 Thread 0x000000001d958000 Exception <a 'sun/nio/fs/WindowsException'> (0x00000000e604ab90) thrown at [C:\src\AOSP-openjdk-git\hotspot\src\share\vm\prims\jni.cpp, line 710]
Event: 981.467 Thread 0x000000001d95a800 Exception <a 'sun/nio/fs/WindowsException'> (0x00000000ea87caf0) thrown at [C:\src\AOSP-openjdk-git\hotspot\src\share\vm\prims\jni.cpp, line 710]
Event: 981.599 Thread 0x000000001d95a800 Exception <a 'sun/nio/fs/WindowsException'> (0x00000000eb298ec0) thrown at [C:\src\AOSP-openjdk-git\hotspot\src\share\vm\prims\jni.cpp, line 710]
Event: 982.318 Thread 0x000000001d95a800 Exception <a 'sun/nio/fs/WindowsException'> (0x00000000efc1d6c0) thrown at [C:\src\AOSP-openjdk-git\hotspot\src\share\vm\prims\jni.cpp, line 710]

Events (10 events):
Event: 982.423 Thread 0x000000001d955000 DEOPT UNPACKING pc=0x0000000002db71d0 sp=0x000000002649ba60 mode 0
Event: 982.491 Thread 0x000000001d955000 DEOPT PACKING pc=0x0000000006496933 sp=0x000000002649b9a0
Event: 982.491 Thread 0x000000001d955000 DEOPT UNPACKING pc=0x0000000002db71d0 sp=0x000000002649ba58 mode 0
Event: 982.517 Thread 0x000000001d955000 DEOPT PACKING pc=0x00000000059cae71 sp=0x000000002649c0e0
Event: 982.517 Thread 0x000000001d955000 DEOPT UNPACKING pc=0x0000000002db71d0 sp=0x000000002649be08 mode 0
Event: 982.572 Executing VM operation: ParallelGCFailedAllocation
Event: 982.750 Executing VM operation: ParallelGCFailedAllocation done
Event: 982.757 Executing VM operation: RevokeBias
Event: 982.758 Executing VM operation: RevokeBias done
Event: 982.866 Executing VM operation: RevokeBias


Dynamic libraries:
0x00007ff6bf750000 - 0x00007ff6bf781000 	C:\Program Files\Android\Android Studio1\jre\bin\java.exe
0x00007ffe1bc20000 - 0x00007ffe1be10000 	C:\Windows\SYSTEM32\ntdll.dll
0x00007ffe12b70000 - 0x00007ffe12b82000 	C:\Program Files\AVAST Software\Avast\aswhook.dll
0x00007ffe1b010000 - 0x00007ffe1b0c2000 	C:\Windows\System32\KERNEL32.DLL
0x00007ffe18f30000 - 0x00007ffe191d5000 	C:\Windows\System32\KERNELBASE.dll
0x00007ffe1b9c0000 - 0x00007ffe1ba63000 	C:\Windows\System32\ADVAPI32.dll
0x00007ffe1bb40000 - 0x00007ffe1bbde000 	C:\Windows\System32\msvcrt.dll
0x00007ffe1a0d0000 - 0x00007ffe1a167000 	C:\Windows\System32\sechost.dll
0x00007ffe19f20000 - 0x00007ffe1a040000 	C:\Windows\System32\RPCRT4.dll
0x00007ffe1ac30000 - 0x00007ffe1adc4000 	C:\Windows\System32\USER32.dll
0x00007ffe18b90000 - 0x00007ffe18bb1000 	C:\Windows\System32\win32u.dll
0x00007ffe1a040000 - 0x00007ffe1a066000 	C:\Windows\System32\GDI32.dll
0x00007ffe18d90000 - 0x00007ffe18f26000 	C:\Windows\System32\gdi32full.dll
0x00007ffe19c30000 - 0x00007ffe19cce000 	C:\Windows\System32\msvcp_win.dll
0x00007ffe19b30000 - 0x00007ffe19c2a000 	C:\Windows\System32\ucrtbase.dll
0x00007ffe09cf0000 - 0x00007ffe09f74000 	C:\Windows\WinSxS\amd64_microsoft.windows.common-controls_6595b64144ccf1df_6.0.18362.1256_none_9e7e379be45e40e2\COMCTL32.dll
0x00007ffe1a170000 - 0x00007ffe1a4a6000 	C:\Windows\System32\combase.dll
0x00007ffe19990000 - 0x00007ffe19a11000 	C:\Windows\System32\bcryptPrimitives.dll
0x00007ffe1aea0000 - 0x00007ffe1aece000 	C:\Windows\System32\IMM32.DLL
0x0000000070dd0000 - 0x0000000070ea2000 	C:\Program Files\Android\Android Studio1\jre\jre\bin\msvcr100.dll
0x0000000071920000 - 0x000000007216b000 	C:\Program Files\Android\Android Studio1\jre\jre\bin\server\jvm.dll
0x00007ffe1b180000 - 0x00007ffe1b188000 	C:\Windows\System32\PSAPI.DLL
0x00007ffe0fbb0000 - 0x00007ffe0fbb9000 	C:\Windows\SYSTEM32\WSOCK32.dll
0x00007ffe1bad0000 - 0x00007ffe1bb3f000 	C:\Windows\System32\WS2_32.dll
0x00007ffe16690000 - 0x00007ffe166b4000 	C:\Windows\SYSTEM32\WINMM.dll
0x00007ffe114d0000 - 0x00007ffe114da000 	C:\Windows\SYSTEM32\VERSION.dll
0x00007ffe16660000 - 0x00007ffe1668d000 	C:\Windows\SYSTEM32\WINMMBASE.dll
0x00007ffe18bc0000 - 0x00007ffe18c0a000 	C:\Windows\System32\cfgmgr32.dll
0x00007ffe0a110000 - 0x00007ffe0a11f000 	C:\Program Files\Android\Android Studio1\jre\jre\bin\verify.dll
0x00007ffdf1b90000 - 0x00007ffdf1bb9000 	C:\Program Files\Android\Android Studio1\jre\jre\bin\java.dll
0x00007ffdf8fc0000 - 0x00007ffdf8fd6000 	C:\Program Files\Android\Android Studio1\jre\jre\bin\zip.dll
0x00007ffe1a4c0000 - 0x00007ffe1aba7000 	C:\Windows\System32\SHELL32.dll
0x00007ffe1b0d0000 - 0x00007ffe1b179000 	C:\Windows\System32\shcore.dll
0x00007ffe191e0000 - 0x00007ffe19961000 	C:\Windows\System32\windows.storage.dll
0x00007ffe18b40000 - 0x00007ffe18b63000 	C:\Windows\System32\profapi.dll
0x00007ffe18af0000 - 0x00007ffe18b3a000 	C:\Windows\System32\powrprof.dll
0x00007ffe18ac0000 - 0x00007ffe18ad0000 	C:\Windows\System32\UMPDC.dll
0x00007ffe1ba70000 - 0x00007ffe1bac2000 	C:\Windows\System32\shlwapi.dll
0x00007ffe18b70000 - 0x00007ffe18b81000 	C:\Windows\System32\kernel.appcore.dll
0x00007ffe19970000 - 0x00007ffe19987000 	C:\Windows\System32\cryptsp.dll
0x00007ffdf5020000 - 0x00007ffdf503a000 	C:\Program Files\Android\Android Studio1\jre\jre\bin\net.dll
0x00007ffe18260000 - 0x00007ffe182c7000 	C:\Windows\system32\mswsock.dll
0x00007ffdf1190000 - 0x00007ffdf11a3000 	C:\Program Files\Android\Android Studio1\jre\jre\bin\nio.dll
0x00007ffe06d70000 - 0x00007ffe06d96000 	C:\Users\seabl\.gradle\native\31\windows-amd64\native-platform.dll
0x00007ffe09650000 - 0x00007ffe0965d000 	C:\Program Files\Android\Android Studio1\jre\jre\bin\management.dll
0x00007ffe17de0000 - 0x00007ffe17e13000 	C:\Windows\system32\rsaenh.dll
0x00007ffe18c10000 - 0x00007ffe18c36000 	C:\Windows\System32\bcrypt.dll
0x00007ffe189a0000 - 0x00007ffe189c5000 	C:\Windows\SYSTEM32\USERENV.dll
0x00007ffe183e0000 - 0x00007ffe183ec000 	C:\Windows\SYSTEM32\CRYPTBASE.dll
0x00007ffe17f80000 - 0x00007ffe17fba000 	C:\Windows\SYSTEM32\IPHLPAPI.DLL
0x00007ffe1b190000 - 0x00007ffe1b198000 	C:\Windows\System32\NSI.dll
0x00007ffe17370000 - 0x00007ffe17386000 	C:\Windows\SYSTEM32\dhcpcsvc6.DLL
0x00007ffe17350000 - 0x00007ffe1736c000 	C:\Windows\SYSTEM32\dhcpcsvc.DLL
0x00007ffe17fc0000 - 0x00007ffe1808b000 	C:\Windows\SYSTEM32\DNSAPI.dll
0x00007ffdfdb70000 - 0x00007ffdfdb94000 	C:\Program Files\Android\Android Studio1\jre\jre\bin\sunec.dll
0x00007ffe110b0000 - 0x00007ffe110ba000 	C:\Windows\System32\rasadhlp.dll
0x00007ffe16860000 - 0x00007ffe168d7000 	C:\Windows\System32\fwpuclnt.dll
0x00007ffe06e90000 - 0x00007ffe06e9b000 	C:\Program Files\Android\Android Studio1\jre\jre\bin\sunmscapi.dll
0x00007ffe18c40000 - 0x00007ffe18d89000 	C:\Windows\System32\CRYPT32.dll
0x00007ffe18ad0000 - 0x00007ffe18ae2000 	C:\Windows\System32\MSASN1.dll
0x00007ffe17ac0000 - 0x00007ffe17af1000 	C:\Windows\SYSTEM32\ntmarta.dll
0x00007ffdf47b0000 - 0x00007ffdf47ce000 	C:\Users\seabl\AppData\Local\Temp\native-platform1704446884145971668dir\native-platform.dll

VM Arguments:
jvm_args: -Xmx2048m -Dfile.encoding=windows-1252 -Duser.country=US -Duser.language=en -Duser.variant 
java_command: org.gradle.launcher.daemon.bootstrap.GradleDaemon 6.1.1
java_class_path (initial): C:\Users\seabl\.gradle\wrapper\dists\gradle-6.1.1-all\cfmwm155h49vnt3hynmlrsdst\gradle-6.1.1\lib\gradle-launcher-6.1.1.jar
Launcher Type: SUN_STANDARD

Environment Variables:
PATH=C:\Program Files\Common Files\Oracle\Java\javapath;C:\Windows\system32;C:\Windows;C:\Windows\System32\Wbem;C:\Windows\System32\WindowsPowerShell\v1.0\;C:\Windows\System32\OpenSSH\;C:\Program Files\Git\cmd;C:\Program Files\Git\mingw64\bin;C:\Program Files\Git\usr\bin;C:\Users\seabl\AppData\Local\Programs\Python\Python38\Scripts\;C:\Users\seabl\AppData\Local\Programs\Python\Python38\;C:\Users\seabl\AppData\Local\Microsoft\WindowsApps;;C:\Users\seabl\AppData\Local\Programs\Microsoft VS Code\bin
USERNAME=seabl
OS=Windows_NT
PROCESSOR_IDENTIFIER=AMD64 Family 22 Model 48 Stepping 1, AuthenticAMD



---------------  S Y S T E M  ---------------

OS: Windows 10.0 , 64 bit Build 18362 (10.0.18362.1110)

CPU:total 4 (initial active 4) (4 cores per cpu, 1 threads per core) family 22 model 48 stepping 1, cmov, cx8, fxsr, mmx, sse, sse2, sse3, ssse3, sse4.1, sse4.2, popcnt, avx, aes, clmul, mmxext, 3dnowpref, lzcnt, sse4a, tsc, tscinvbit, tscinv, bmi1

Memory: 4k page, physical 10435600k(1386312k free), swap 12486672k(4340k free)

vm_info: OpenJDK 64-Bit Server VM (25.242-b01) for windows-amd64 JRE (1.8.0_242-release-1644-b01), built by "builder" with MS VC++ 10.0 (VS2010)

time: Sun Dec 20 01:40:55 2020
timezone: E. Africa Standard Time
elapsed time: 982 seconds (0d 0h 16m 22s)

